#
# There is insufficient memory for the Java Runtime Environment to continue.
# Native memory allocation (malloc) failed to allocate 1271216 bytes for Chunk::new
# Possible reasons:
#   The system is out of physical RAM or swap space
#   The process is running with CompressedOops enabled, and the Java Heap may be blocking the growth of the native heap
# Possible solutions:
#   Reduce memory load on the system
#   Increase physical memory or swap space
#   Check if swap backing store is full
#   Decrease Java heap size (-Xmx/-Xms)
#   Decrease number of Java threads
#   Decrease Java thread stack sizes (-Xss)
#   Set larger code cache with -XX:ReservedCodeCacheSize=
#   JVM is running with Unscaled Compressed Oops mode in which the Java heap is
#     placed in the first 4GB address space. The Java Heap base address is the
#     maximum limit for the native heap growth. Please use -XX:HeapBaseMinAddress
#     to set the Java Heap base and to place the Java Heap above 4GB virtual address.
# This output file may be truncated or incomplete.
#
#  Out of Memory Error (allocation.cpp:389), pid=9864, tid=0x0000000000003cf8
#
# JRE version: Java(TM) SE Runtime Environment (8.0_241-b07) (build 1.8.0_241-b07)
# Java VM: Java HotSpot(TM) 64-Bit Server VM (25.241-b07 mixed mode windows-amd64 compressed oops)
# Failed to write core dump. Minidumps are not enabled by default on client versions of Windows
#

---------------  T H R E A D  ---------------

Current thread (0x0000000013952000):  JavaThread "C2 CompilerThread0" daemon [_thread_in_native, id=15608, stack(0x0000000014f90000,0x0000000015090000)]

Stack: [0x0000000014f90000,0x0000000015090000]
[error occurred during error reporting (printing stack bounds), id 0xc0000005]

Native frames: (J=compiled Java code, j=interpreted, Vv=VM code, C=native code)


Current CompileTask:
C2:  13162 4175   !   4       com.sun.beans.TypeResolver::resolve (274 bytes)


---------------  P R O C E S S  ---------------

Java Threads: ( => current thread )
  0x0000000015c56800 JavaThread "Cache worker for Build Output Cleanup Cache (C:\Users\aliso\VSC\GoStack\desafios\desafio-mobile\android\.gradle\buildOutputCleanup)" [_thread_blocked, id=9980, stack(0x000000001f3c0000,0x000000001f4c0000)]
  0x0000000015c55800 JavaThread "pool-1-thread-1" [_thread_blocked, id=12984, stack(0x000000001ff50000,0x0000000020050000)]
  0x0000000015c5a000 JavaThread "Build operations Thread 4" [_thread_blocked, id=3608, stack(0x000000001f0c0000,0x000000001f1c0000)]
  0x0000000015c59800 JavaThread "Build operations Thread 3" [_thread_blocked, id=3260, stack(0x000000001efc0000,0x000000001f0c0000)]
  0x0000000015c58800 JavaThread "Build operations Thread 2" [_thread_blocked, id=16044, stack(0x000000001eec0000,0x000000001efc0000)]
  0x0000000015c57000 JavaThread "Build operations" [_thread_blocked, id=15024, stack(0x000000001be20000,0x000000001bf20000)]
  0x0000000017377000 JavaThread "Cache worker for execution history cache (C:\Users\aliso\.gradle\caches\6.0.1\executionHistory)" [_thread_blocked, id=4408, stack(0x000000001edc0000,0x000000001eec0000)]
  0x000000001737d000 JavaThread "Cache worker for cache directory md-rule (C:\Users\aliso\.gradle\caches\6.0.1\md-rule)" [_thread_blocked, id=11448, stack(0x000000001ecc0000,0x000000001edc0000)]
  0x0000000017379800 JavaThread "Cache worker for cache directory md-supplier (C:\Users\aliso\.gradle\caches\6.0.1\md-supplier)" [_thread_blocked, id=15528, stack(0x000000001ebc0000,0x000000001ecc0000)]
  0x0000000017377800 JavaThread "Cache worker for file hash cache (C:\Users\aliso\VSC\GoStack\desafios\desafio-mobile\android\.gradle\6.0.1\fileHashes)" [_thread_blocked, id=15344, stack(0x000000001bb10000,0x000000001bc10000)]
  0x000000001737e000 JavaThread "Cache worker for journal cache (C:\Users\aliso\.gradle\caches\journal-1)" [_thread_blocked, id=12412, stack(0x00000000194b0000,0x00000000195b0000)]
  0x000000001737c800 JavaThread "File lock request listener" [_thread_in_native, id=6592, stack(0x00000000193b0000,0x00000000194b0000)]
  0x000000001737b800 JavaThread "Cache worker for file hash cache (C:\Users\aliso\.gradle\caches\6.0.1\fileHashes)" [_thread_blocked, id=2416, stack(0x00000000192b0000,0x00000000193b0000)]
  0x000000001733e800 JavaThread "Thread-9" [_thread_blocked, id=3512, stack(0x00000000191b0000,0x00000000192b0000)]
  0x000000001733b800 JavaThread "Stdin handler" [_thread_blocked, id=3184, stack(0x00000000190b0000,0x00000000191b0000)]
  0x000000001733a800 JavaThread "Asynchronous log dispatcher for DefaultDaemonConnection: socket connection from /127.0.0.1:54961 to /127.0.0.1:54962" [_thread_blocked, id=16244, stack(0x0000000018fb0000,0x00000000190b0000)]
  0x0000000017331000 JavaThread "Daemon worker" [_thread_in_Java, id=3928, stack(0x0000000018cb0000,0x0000000018db0000)]
  0x0000000017330000 JavaThread "Cancel handler" [_thread_blocked, id=16308, stack(0x0000000018bb0000,0x0000000018cb0000)]
  0x000000001731b000 JavaThread "Handler for socket connection from /127.0.0.1:54961 to /127.0.0.1:54962" [_thread_in_native, id=11608, stack(0x0000000018ab0000,0x0000000018bb0000)]
  0x0000000017314000 JavaThread "Daemon" [_thread_blocked, id=7392, stack(0x00000000189b0000,0x0000000018ab0000)]
  0x000000001727b000 JavaThread "Daemon periodic checks" [_thread_blocked, id=7972, stack(0x00000000188b0000,0x00000000189b0000)]
  0x000000001731d000 JavaThread "Incoming local TCP Connector on port 54961" [_thread_in_native, id=9028, stack(0x0000000018670000,0x0000000018770000)]
  0x00000000171b5000 JavaThread "Daemon health stats" [_thread_blocked, id=2608, stack(0x0000000018030000,0x0000000018130000)]
  0x00000000152bc000 JavaThread "Service Thread" daemon [_thread_blocked, id=9652, stack(0x0000000015690000,0x0000000015790000)]
  0x000000001395c800 JavaThread "C1 CompilerThread2" daemon [_thread_in_native, id=11052, stack(0x0000000015190000,0x0000000015290000)]
  0x0000000013955800 JavaThread "C2 CompilerThread1" daemon [_thread_in_native, id=14556, stack(0x0000000015090000,0x0000000015190000)]
=>0x0000000013952000 JavaThread "C2 CompilerThread0" daemon [_thread_in_native, id=15608, stack(0x0000000014f90000,0x0000000015090000)]
  0x0000000013951000 JavaThread "Attach Listener" daemon [_thread_blocked, id=15552, stack(0x0000000014e90000,0x0000000014f90000)]
  0x000000001394e800 JavaThread "Signal Dispatcher" daemon [_thread_blocked, id=10868, stack(0x0000000014d90000,0x0000000014e90000)]
  0x0000000002518800 JavaThread "Finalizer" daemon [_thread_blocked, id=4228, stack(0x0000000014b90000,0x0000000014c90000)]
  0x000000001392a000 JavaThread "Reference Handler" daemon [_thread_blocked, id=15896, stack(0x0000000014a90000,0x0000000014b90000)]
  0x0000000002424800 JavaThread "main" [_thread_blocked, id=14332, stack(0x00000000022b0000,0x00000000023b0000)]

Other Threads:
  0x0000000013908000 VMThread [stack: 0x0000000014990000,0x0000000014a90000] [id=3552]
  0x00000000152d7800 WatcherThread [stack: 0x0000000015790000,0x0000000015890000] [id=13580]

VM state:not at safepoint (normal execution)

VM Mutex/Monitor currently owned by a thread: None

heap address: 0x00000000e0000000, size: 512 MB, Compressed Oops mode: 32-bit
Narrow klass base: 0x0000000000000000, Narrow klass shift: 3
Compressed class space size: 1073741824 Address: 0x0000000100000000

Heap:
 PSYoungGen      total 107008K, used 93578K [0x00000000f5580000, 0x00000000ff680000, 0x0000000100000000)
  eden space 93696K, 86% used [0x00000000f5580000,0x00000000fa513780,0x00000000fb100000)
  from space 13312K, 90% used [0x00000000fb100000,0x00000000fbccf478,0x00000000fbe00000)
  to   space 14336K, 0% used [0x00000000fe880000,0x00000000fe880000,0x00000000ff680000)
 ParOldGen       total 175616K, used 17237K [0x00000000e0000000, 0x00000000eab80000, 0x00000000f5580000)
  object space 175616K, 9% used [0x00000000e0000000,0x00000000e10d5558,0x00000000eab80000)
 Metaspace       used 47561K, capacity 49012K, committed 49280K, reserved 1091584K
  class space    used 6566K, capacity 6971K, committed 7040K, reserved 1048576K

Card table byte_map: [0x00000000118e0000,0x00000000119f0000] byte_map_base: 0x00000000111e0000

Marking Bits: (ParMarkBitMap*) 0x000000005328be30
 Begin Bits: [0x0000000011ea0000, 0x00000000126a0000)
 End Bits:   [0x00000000126a0000, 0x0000000012ea0000)

Polling page: 0x0000000000aa0000

CodeCache: size=245760Kb used=13718Kb max_used=13718Kb free=232041Kb
 bounds [0x0000000002520000, 0x0000000003290000, 0x0000000011520000]
 total_blobs=4673 nmethods=3896 adapters=688
 compilation: enabled

Compilation events (10 events):
Event: 13.146 Thread 0x000000001395c800 4294       3       jdk.internal.org.objectweb.asm.ClassVisitor::<init> (35 bytes)
Event: 13.146 Thread 0x000000001395c800 nmethod 4294 0x0000000003288b10 code [0x0000000003288c80, 0x0000000003288f88]
Event: 13.156 Thread 0x000000001395c800 4295       3       java.lang.reflect.Executable::getDeclaredAnnotations (8 bytes)
Event: 13.156 Thread 0x000000001395c800 nmethod 4295 0x0000000003289090 code [0x0000000003289220, 0x0000000003289688]
Event: 13.156 Thread 0x000000001395c800 4296       3       jdk.internal.org.objectweb.asm.ClassWriter::visitField (16 bytes)
Event: 13.156 Thread 0x000000001395c800 nmethod 4296 0x0000000003289810 code [0x0000000003289980, 0x0000000003289ba8]
Event: 13.156 Thread 0x000000001395c800 4297       3       jdk.internal.org.objectweb.asm.FieldWriter::<init> (97 bytes)
Event: 13.157 Thread 0x000000001395c800 nmethod 4297 0x0000000003289c90 code [0x0000000003289e40, 0x000000000328a328]
Event: 13.160 Thread 0x000000001395c800 4298       2       java.util.ArrayList$Itr::<init> (26 bytes)
Event: 13.160 Thread 0x000000001395c800 nmethod 4298 0x000000000328a590 code [0x000000000328a6e0, 0x000000000328a850]

GC Heap History (10 events):
Event: 8.430 GC heap before
{Heap before GC invocations=5 (full 1):
 PSYoungGen      total 76288K, used 65536K [0x00000000f5580000, 0x00000000faa80000, 0x0000000100000000)
  eden space 65536K, 100% used [0x00000000f5580000,0x00000000f9580000,0x00000000f9580000)
  from space 10752K, 0% used [0x00000000f9580000,0x00000000f9580000,0x00000000fa000000)
  to   space 10752K, 0% used [0x00000000fa000000,0x00000000fa000000,0x00000000faa80000)
 ParOldGen       total 175104K, used 12195K [0x00000000e0000000, 0x00000000eab00000, 0x00000000f5580000)
  object space 175104K, 6% used [0x00000000e0000000,0x00000000e0be8e10,0x00000000eab00000)
 Metaspace       used 27889K, capacity 28492K, committed 28800K, reserved 1073152K
  class space    used 3889K, capacity 4119K, committed 4224K, reserved 1048576K
Event: 8.440 GC heap after
Heap after GC invocations=5 (full 1):
 PSYoungGen      total 76288K, used 7953K [0x00000000f5580000, 0x00000000fc480000, 0x0000000100000000)
  eden space 65536K, 0% used [0x00000000f5580000,0x00000000f5580000,0x00000000f9580000)
  from space 10752K, 73% used [0x00000000fa000000,0x00000000fa7c4468,0x00000000faa80000)
  to   space 10752K, 0% used [0x00000000f9580000,0x00000000f9580000,0x00000000fa000000)
 ParOldGen       total 175104K, used 12203K [0x00000000e0000000, 0x00000000eab00000, 0x00000000f5580000)
  object space 175104K, 6% used [0x00000000e0000000,0x00000000e0beae10,0x00000000eab00000)
 Metaspace       used 27889K, capacity 28492K, committed 28800K, reserved 1073152K
  class space    used 3889K, capacity 4119K, committed 4224K, reserved 1048576K
}
Event: 9.242 GC heap before
{Heap before GC invocations=6 (full 1):
 PSYoungGen      total 76288K, used 73489K [0x00000000f5580000, 0x00000000fc480000, 0x0000000100000000)
  eden space 65536K, 100% used [0x00000000f5580000,0x00000000f9580000,0x00000000f9580000)
  from space 10752K, 73% used [0x00000000fa000000,0x00000000fa7c4468,0x00000000faa80000)
  to   space 10752K, 0% used [0x00000000f9580000,0x00000000f9580000,0x00000000fa000000)
 ParOldGen       total 175104K, used 12203K [0x00000000e0000000, 0x00000000eab00000, 0x00000000f5580000)
  object space 175104K, 6% used [0x00000000e0000000,0x00000000e0beae10,0x00000000eab00000)
 Metaspace       used 31365K, capacity 32032K, committed 32384K, reserved 1077248K
  class space    used 4388K, capacity 4614K, committed 4736K, reserved 1048576K
Event: 9.252 GC heap after
Heap after GC invocations=6 (full 1):
 PSYoungGen      total 76288K, used 9332K [0x00000000f5580000, 0x00000000fcb00000, 0x0000000100000000)
  eden space 65536K, 0% used [0x00000000f5580000,0x00000000f5580000,0x00000000f9580000)
  from space 10752K, 86% used [0x00000000f9580000,0x00000000f9e9d0e8,0x00000000fa000000)
  to   space 13312K, 0% used [0x00000000fbe00000,0x00000000fbe00000,0x00000000fcb00000)
 ParOldGen       total 175104K, used 12211K [0x00000000e0000000, 0x00000000eab00000, 0x00000000f5580000)
  object space 175104K, 6% used [0x00000000e0000000,0x00000000e0bece10,0x00000000eab00000)
 Metaspace       used 31365K, capacity 32032K, committed 32384K, reserved 1077248K
  class space    used 4388K, capacity 4614K, committed 4736K, reserved 1048576K
}
Event: 10.079 GC heap before
{Heap before GC invocations=7 (full 1):
 PSYoungGen      total 76288K, used 67254K [0x00000000f5580000, 0x00000000fcb00000, 0x0000000100000000)
  eden space 65536K, 88% used [0x00000000f5580000,0x00000000f8e10a70,0x00000000f9580000)
  from space 10752K, 86% used [0x00000000f9580000,0x00000000f9e9d0e8,0x00000000fa000000)
  to   space 13312K, 0% used [0x00000000fbe00000,0x00000000fbe00000,0x00000000fcb00000)
 ParOldGen       total 175104K, used 12211K [0x00000000e0000000, 0x00000000eab00000, 0x00000000f5580000)
  object space 175104K, 6% used [0x00000000e0000000,0x00000000e0bece10,0x00000000eab00000)
 Metaspace       used 34561K, capacity 35366K, committed 35496K, reserved 1079296K
  class space    used 4853K, capacity 5109K, committed 5120K, reserved 1048576K
Event: 10.099 GC heap after
Heap after GC invocations=7 (full 1):
 PSYoungGen      total 107008K, used 10503K [0x00000000f5580000, 0x00000000fd080000, 0x0000000100000000)
  eden space 93696K, 0% used [0x00000000f5580000,0x00000000f5580000,0x00000000fb100000)
  from space 13312K, 78% used [0x00000000fbe00000,0x00000000fc841fc8,0x00000000fcb00000)
  to   space 13312K, 0% used [0x00000000fb100000,0x00000000fb100000,0x00000000fbe00000)
 ParOldGen       total 175104K, used 12219K [0x00000000e0000000, 0x00000000eab00000, 0x00000000f5580000)
  object space 175104K, 6% used [0x00000000e0000000,0x00000000e0beee10,0x00000000eab00000)
 Metaspace       used 34561K, capacity 35366K, committed 35496K, reserved 1079296K
  class space    used 4853K, capacity 5109K, committed 5120K, reserved 1048576K
}
Event: 10.099 GC heap before
{Heap before GC invocations=8 (full 2):
 PSYoungGen      total 107008K, used 10503K [0x00000000f5580000, 0x00000000fd080000, 0x0000000100000000)
  eden space 93696K, 0% used [0x00000000f5580000,0x00000000f5580000,0x00000000fb100000)
  from space 13312K, 78% used [0x00000000fbe00000,0x00000000fc841fc8,0x00000000fcb00000)
  to   space 13312K, 0% used [0x00000000fb100000,0x00000000fb100000,0x00000000fbe00000)
 ParOldGen       total 175104K, used 12219K [0x00000000e0000000, 0x00000000eab00000, 0x00000000f5580000)
  object space 175104K, 6% used [0x00000000e0000000,0x00000000e0beee10,0x00000000eab00000)
 Metaspace       used 34561K, capacity 35366K, committed 35496K, reserved 1079296K
  class space    used 4853K, capacity 5109K, committed 5120K, reserved 1048576K
Event: 10.202 GC heap after
Heap after GC invocations=8 (full 2):
 PSYoungGen      total 107008K, used 0K [0x00000000f5580000, 0x00000000fd080000, 0x0000000100000000)
  eden space 93696K, 0% used [0x00000000f5580000,0x00000000f5580000,0x00000000fb100000)
  from space 13312K, 0% used [0x00000000fbe00000,0x00000000fbe00000,0x00000000fcb00000)
  to   space 13312K, 0% used [0x00000000fb100000,0x00000000fb100000,0x00000000fbe00000)
 ParOldGen       total 175616K, used 17229K [0x00000000e0000000, 0x00000000eab80000, 0x00000000f5580000)
  object space 175616K, 9% used [0x00000000e0000000,0x00000000e10d3558,0x00000000eab80000)
 Metaspace       used 34561K, capacity 35366K, committed 35496K, reserved 1079296K
  class space    used 4853K, capacity 5109K, committed 5120K, reserved 1048576K
}
Event: 12.097 GC heap before
{Heap before GC invocations=9 (full 2):
 PSYoungGen      total 107008K, used 93696K [0x00000000f5580000, 0x00000000fd080000, 0x0000000100000000)
  eden space 93696K, 100% used [0x00000000f5580000,0x00000000fb100000,0x00000000fb100000)
  from space 13312K, 0% used [0x00000000fbe00000,0x00000000fbe00000,0x00000000fcb00000)
  to   space 13312K, 0% used [0x00000000fb100000,0x00000000fb100000,0x00000000fbe00000)
 ParOldGen       total 175616K, used 17229K [0x00000000e0000000, 0x00000000eab80000, 0x00000000f5580000)
  object space 175616K, 9% used [0x00000000e0000000,0x00000000e10d3558,0x00000000eab80000)
 Metaspace       used 43268K, capacity 44534K, committed 44800K, reserved 1087488K
  class space    used 5976K, capacity 6333K, committed 6400K, reserved 1048576K
Event: 12.119 GC heap after
Heap after GC invocations=9 (full 2):
 PSYoungGen      total 107008K, used 12093K [0x00000000f5580000, 0x00000000ff680000, 0x0000000100000000)
  eden space 93696K, 0% used [0x00000000f5580000,0x00000000f5580000,0x00000000fb100000)
  from space 13312K, 90% used [0x00000000fb100000,0x00000000fbccf478,0x00000000fbe00000)
  to   space 14336K, 0% used [0x00000000fe880000,0x00000000fe880000,0x00000000ff680000)
 ParOldGen       total 175616K, used 17237K [0x00000000e0000000, 0x00000000eab80000, 0x00000000f5580000)
  object space 175616K, 9% used [0x00000000e0000000,0x00000000e10d5558,0x00000000eab80000)
 Metaspace       used 43268K, capacity 44534K, committed 44800K, reserved 1087488K
  class space    used 5976K, capacity 6333K, committed 6400K, reserved 1048576K
}

Deoptimization events (10 events):
Event: 12.095 Thread 0x0000000017331000 Uncommon trap: reason=unstable_if action=reinterpret pc=0x0000000002f37728 method=org.objectweb.asm.ByteVector.putUTF8(Ljava/lang/String;)Lorg/objectweb/asm/ByteVector; @ 93
Event: 12.576 Thread 0x0000000017331000 Uncommon trap: reason=unstable_if action=reinterpret pc=0x0000000002ef3a14 method=org.gradle.internal.reflect.PropertyAccessorType.of(Ljava/lang/reflect/Method;)Lorg/gradle/internal/reflect/PropertyAccessorType; @ 56
Event: 12.821 Thread 0x0000000017331000 Uncommon trap: reason=unstable_if action=reinterpret pc=0x00000000026dc1d4 method=java.lang.String.replace(CC)Ljava/lang/String; @ 2
Event: 12.825 Thread 0x0000000017331000 Uncommon trap: reason=unstable_if action=reinterpret pc=0x000000000308f660 method=groovy.lang.MetaClassImpl.checkIfStdMethod(Lgroovy/lang/MetaMethod;)V @ 55
Event: 12.825 Thread 0x0000000017331000 Uncommon trap: reason=unstable_if action=reinterpret pc=0x000000000280ab78 method=groovy.lang.MetaClassImpl.checkIfStdMethod(Lgroovy/lang/MetaMethod;)V @ 55
Event: 12.825 Thread 0x0000000017331000 Uncommon trap: reason=unstable_if action=reinterpret pc=0x00000000031f6768 method=org.codehaus.groovy.runtime.metaclass.MetaMethodIndex.copyNonPrivateNonNewMetaMethods(Lorg/codehaus/groovy/runtime/metaclass/MetaMethodIndex$Entry;Lorg/codehaus/groovy/runti
Event: 12.825 Thread 0x0000000017331000 Uncommon trap: reason=unstable_if action=reinterpret pc=0x0000000002f111cc method=groovy.lang.MetaClassImpl$1MOPIter.methodNameAction(Ljava/lang/Class;Lorg/codehaus/groovy/runtime/metaclass/MetaMethodIndex$Entry;)V @ 182
Event: 13.028 Thread 0x0000000017331000 Uncommon trap: reason=unstable_if action=reinterpret pc=0x0000000002de9f30 method=org.codehaus.groovy.runtime.metaclass.MetaMethodIndex.addMethodToList(Ljava/lang/Object;Lgroovy/lang/MetaMethod;)Ljava/lang/Object; @ 256
Event: 13.080 Thread 0x0000000017331000 Uncommon trap: reason=unstable_if action=reinterpret pc=0x0000000002eedebc method=java.util.HashMap.putVal(ILjava/lang/Object;Ljava/lang/Object;ZZ)Ljava/lang/Object; @ 109
Event: 13.080 Thread 0x0000000017331000 Uncommon trap: reason=unstable_if action=reinterpret pc=0x0000000002818d88 method=java.util.HashMap.resize()[Ljava/util/HashMap$Node; @ 206

Classes redefined (0 events):
No events

Internal exceptions (10 events):
Event: 13.030 Thread 0x0000000017331000 Exception <a 'java/lang/ClassNotFoundException': org/gradle/api/internal/artifacts/dependencies/DefaultExternalModuleDependency_DecoratedBeanInfo> (0x00000000f9bbc500) thrown at [C:\ade\jenkins\workspace\8-2-build-windows-amd64-cygwin\jdk8u241\331\hotspot
Event: 13.032 Thread 0x0000000017331000 Exception <a 'java/lang/ClassNotFoundException': org/gradle/api/internal/artifacts/dependencies/DefaultExternalModuleDependencyBeanInfo> (0x00000000f9c277c8) thrown at [C:\ade\jenkins\workspace\8-2-build-windows-amd64-cygwin\jdk8u241\331\hotspot\src\share
Event: 13.034 Thread 0x0000000017331000 Exception <a 'java/lang/ClassNotFoundException': org/gradle/api/internal/artifacts/dependencies/AbstractExternalModuleDependencyBeanInfo> (0x00000000f9c93ed0) thrown at [C:\ade\jenkins\workspace\8-2-build-windows-amd64-cygwin\jdk8u241\331\hotspot\src\shar
Event: 13.035 Thread 0x0000000017331000 Exception <a 'java/lang/ClassNotFoundException': org/gradle/api/internal/artifacts/dependencies/AbstractModuleDependencyBeanInfo> (0x00000000f9cdfbb8) thrown at [C:\ade\jenkins\workspace\8-2-build-windows-amd64-cygwin\jdk8u241\331\hotspot\src\share\vm\cla
Event: 13.036 Thread 0x0000000017331000 Exception <a 'java/lang/ClassNotFoundException': org/gradle/api/internal/artifacts/dependencies/AbstractDependencyBeanInfo> (0x00000000f9d271a8) thrown at [C:\ade\jenkins\workspace\8-2-build-windows-amd64-cygwin\jdk8u241\331\hotspot\src\share\vm\classfile
Event: 13.038 Thread 0x0000000017331000 Exception <a 'java/lang/ClassNotFoundException': org/gradle/api/internal/artifacts/dependencies/AbstractDependencyCustomizer> (0x00000000f9d71038) thrown at [C:\ade\jenkins\workspace\8-2-build-windows-amd64-cygwin\jdk8u241\331\hotspot\src\share\vm\classfi
Event: 13.039 Thread 0x0000000017331000 Exception <a 'java/lang/ClassNotFoundException': org/gradle/api/internal/artifacts/dependencies/AbstractModuleDependencyCustomizer> (0x00000000f9dc12b0) thrown at [C:\ade\jenkins\workspace\8-2-build-windows-amd64-cygwin\jdk8u241\331\hotspot\src\share\vm\c
Event: 13.042 Thread 0x0000000017331000 Exception <a 'java/lang/ClassNotFoundException': org/gradle/api/internal/artifacts/dependencies/AbstractExternalModuleDependencyCustomizer> (0x00000000f9e55b28) thrown at [C:\ade\jenkins\workspace\8-2-build-windows-amd64-cygwin\jdk8u241\331\hotspot\src\sh
Event: 13.044 Thread 0x0000000017331000 Exception <a 'java/lang/ClassNotFoundException': org/gradle/api/internal/artifacts/dependencies/DefaultExternalModuleDependencyCustomizer> (0x00000000f9ed8c80) thrown at [C:\ade\jenkins\workspace\8-2-build-windows-amd64-cygwin\jdk8u241\331\hotspot\src\sha
Event: 13.045 Thread 0x0000000017331000 Exception <a 'java/lang/ClassNotFoundException': org/gradle/api/internal/artifacts/dependencies/DefaultExternalModuleDependency_DecoratedCustomizer> (0x00000000f9f5d240) thrown at [C:\ade\jenkins\workspace\8-2-build-windows-amd64-cygwin\jdk8u241\331\hotsp

Events (10 events):
Event: 13.155 loading class com/google/common/collect/HashMultimapGwtSerializationDependencies
Event: 13.156 loading class com/google/common/collect/HashMultimapGwtSerializationDependencies done
Event: 13.157 loading class org/gradle/internal/reflect/annotations/impl/DefaultPropertyAnnotationMetadata
Event: 13.157 loading class org/gradle/internal/reflect/annotations/impl/DefaultPropertyAnnotationMetadata done
Event: 13.157 loading class com/google/common/collect/AbstractMapBasedMultimap$KeySet
Event: 13.157 loading class com/google/common/collect/AbstractMapBasedMultimap$KeySet done
Event: 13.158 loading class com/google/common/collect/Maps$KeySet
Event: 13.158 loading class com/google/common/collect/Maps$KeySet done
Event: 13.159 loading class com/google/common/collect/AbstractMapBasedMultimap$KeySet$1
Event: 13.159 loading class com/google/common/collect/AbstractMapBasedMultimap$KeySet$1 done


Dynamic libraries:
0x00007ff6f0080000 - 0x00007ff6f00b7000 	C:\Program Files\Java\jdk1.8.0_241\bin\java.exe
0x00007fffb8120000 - 0x00007fffb8310000 	C:\WINDOWS\SYSTEM32\ntdll.dll
0x00007fffb6230000 - 0x00007fffb62e2000 	C:\WINDOWS\System32\KERNEL32.DLL
0x00007fffb5b20000 - 0x00007fffb5dc3000 	C:\WINDOWS\System32\KERNELBASE.dll
0x00007fffb6750000 - 0x00007fffb67f3000 	C:\WINDOWS\System32\ADVAPI32.dll
0x00007fffb7e10000 - 0x00007fffb7eae000 	C:\WINDOWS\System32\msvcrt.dll
0x00007fffb7380000 - 0x00007fffb7417000 	C:\WINDOWS\System32\sechost.dll
0x00007fffb74c0000 - 0x00007fffb75e0000 	C:\WINDOWS\System32\RPCRT4.dll
0x00007fffb6ce0000 - 0x00007fffb6e74000 	C:\WINDOWS\System32\USER32.dll
0x00007fffb5dd0000 - 0x00007fffb5df1000 	C:\WINDOWS\System32\win32u.dll
0x00007fffb7350000 - 0x00007fffb7376000 	C:\WINDOWS\System32\GDI32.dll
0x00007fffb50e0000 - 0x00007fffb5274000 	C:\WINDOWS\System32\gdi32full.dll
0x00007fffb6130000 - 0x00007fffb61ce000 	C:\WINDOWS\System32\msvcp_win.dll
0x00007fffb5280000 - 0x00007fffb537a000 	C:\WINDOWS\System32\ucrtbase.dll
0x00007fffa4bf0000 - 0x00007fffa4e75000 	C:\WINDOWS\WinSxS\amd64_microsoft.windows.common-controls_6595b64144ccf1df_6.0.18362.752_none_e6c0b5ed1312b70c\COMCTL32.dll
0x00007fffb6400000 - 0x00007fffb6736000 	C:\WINDOWS\System32\combase.dll
0x00007fffb5e00000 - 0x00007fffb5e80000 	C:\WINDOWS\System32\bcryptPrimitives.dll
0x00007fffb7080000 - 0x00007fffb70ae000 	C:\WINDOWS\System32\IMM32.DLL
0x00000000569a0000 - 0x0000000056a72000 	C:\Program Files\Java\jdk1.8.0_241\jre\bin\msvcr100.dll
0x0000000052a60000 - 0x000000005330c000 	C:\Program Files\Java\jdk1.8.0_241\jre\bin\server\jvm.dll
0x00007fffb7d80000 - 0x00007fffb7d88000 	C:\WINDOWS\System32\PSAPI.DLL
0x00007fffb2390000 - 0x00007fffb23b4000 	C:\WINDOWS\SYSTEM32\WINMM.dll
0x00007fffafa30000 - 0x00007fffafa3a000 	C:\WINDOWS\SYSTEM32\VERSION.dll
0x00007fffa4530000 - 0x00007fffa4539000 	C:\WINDOWS\SYSTEM32\WSOCK32.dll
0x00007fffb7450000 - 0x00007fffb74bf000 	C:\WINDOWS\System32\WS2_32.dll
0x00007fffb2150000 - 0x00007fffb217d000 	C:\WINDOWS\SYSTEM32\winmmbase.dll
0x00007fffb60e0000 - 0x00007fffb612a000 	C:\WINDOWS\System32\cfgmgr32.dll
0x00007fffacbf0000 - 0x00007fffacbff000 	C:\Program Files\Java\jdk1.8.0_241\jre\bin\verify.dll
0x00007fff98b70000 - 0x00007fff98b99000 	C:\Program Files\Java\jdk1.8.0_241\jre\bin\java.dll
0x00007fff9e420000 - 0x00007fff9e436000 	C:\Program Files\Java\jdk1.8.0_241\jre\bin\zip.dll
0x00007fffb75e0000 - 0x00007fffb7cc5000 	C:\WINDOWS\System32\SHELL32.dll
0x00007fffb6350000 - 0x00007fffb63f9000 	C:\WINDOWS\System32\shcore.dll
0x00007fffb53a0000 - 0x00007fffb5b20000 	C:\WINDOWS\System32\windows.storage.dll
0x00007fffb5030000 - 0x00007fffb5053000 	C:\WINDOWS\System32\profapi.dll
0x00007fffb5060000 - 0x00007fffb50aa000 	C:\WINDOWS\System32\powrprof.dll
0x00007fffb4fe0000 - 0x00007fffb4ff0000 	C:\WINDOWS\System32\UMPDC.dll
0x00007fffb6e80000 - 0x00007fffb6ed2000 	C:\WINDOWS\System32\shlwapi.dll
0x00007fffb4ff0000 - 0x00007fffb5001000 	C:\WINDOWS\System32\kernel.appcore.dll
0x00007fffb5380000 - 0x00007fffb5397000 	C:\WINDOWS\System32\cryptsp.dll
0x00007fff9c020000 - 0x00007fff9c03a000 	C:\Program Files\Java\jdk1.8.0_241\jre\bin\net.dll
0x00007fffb4850000 - 0x00007fffb48b7000 	C:\WINDOWS\system32\mswsock.dll
0x00007fff99750000 - 0x00007fff99762000 	C:\Program Files\Java\jdk1.8.0_241\jre\bin\nio.dll
0x00007fff98410000 - 0x00007fff98436000 	C:\Users\aliso\.gradle\native\30\windows-amd64\native-platform.dll
0x00007fffa58a0000 - 0x00007fffa58ad000 	C:\Program Files\Java\jdk1.8.0_241\jre\bin\management.dll
0x00007fffb43c0000 - 0x00007fffb43f3000 	C:\WINDOWS\system32\rsaenh.dll
0x00007fffb50b0000 - 0x00007fffb50d6000 	C:\WINDOWS\System32\bcrypt.dll
0x00007fffb4f00000 - 0x00007fffb4f25000 	C:\WINDOWS\SYSTEM32\USERENV.dll
0x00007fffb4a20000 - 0x00007fffb4a2c000 	C:\WINDOWS\SYSTEM32\CRYPTBASE.dll
0x00007fffb4560000 - 0x00007fffb459a000 	C:\WINDOWS\SYSTEM32\IPHLPAPI.DLL
0x00007fffb6740000 - 0x00007fffb6748000 	C:\WINDOWS\System32\NSI.dll
0x00007fffaea00000 - 0x00007fffaea16000 	C:\WINDOWS\SYSTEM32\dhcpcsvc6.DLL
0x00007fffae9c0000 - 0x00007fffae9dc000 	C:\WINDOWS\SYSTEM32\dhcpcsvc.DLL
0x00007fffb45a0000 - 0x00007fffb466a000 	C:\WINDOWS\SYSTEM32\DNSAPI.dll

VM Arguments:
jvm_args: -XX:MaxMetaspaceSize=256m -XX:+HeapDumpOnOutOfMemoryError -Xms256m -Xmx512m -Dfile.encoding=windows-1252 -Duser.country=US -Duser.language=en -Duser.variant 
java_command: org.gradle.launcher.daemon.bootstrap.GradleDaemon 6.0.1
java_class_path (initial): C:\Users\aliso\.gradle\wrapper\dists\gradle-6.0.1-all\99d3u8wxs16ndehh90lbbir67\gradle-6.0.1\lib\gradle-launcher-6.0.1.jar
Launcher Type: SUN_STANDARD

Environment Variables:
JAVA_HOME=C:\Program Files\Java\jdk1.8.0_241
CLASSPATH=C:\Users\aliso\VSC\GoStack\desafios\desafio-mobile\android\\gradle\wrapper\gradle-wrapper.jar
USERNAME=aliso
OS=Windows_NT
PROCESSOR_IDENTIFIER=Intel64 Family 6 Model 142 Stepping 9, GenuineIntel



---------------  S Y S T E M  ---------------

OS: Windows 10.0 , 64 bit Build 18362 (10.0.18362.752)

CPU:total 4 (initial active 4) (2 cores per cpu, 2 threads per core) family 6 model 142 stepping 9, cmov, cx8, fxsr, mmx, sse, sse2, sse3, ssse3, sse4.1, sse4.2, popcnt, avx, avx2, aes, clmul, erms, 3dnowpref, lzcnt, ht, tsc, tscinvbit, bmi1, bmi2, adx

Memory: 4k page, physical 8272644k(927036k free), swap 10223364k(6220k free)

vm_info: Java HotSpot(TM) 64-Bit Server VM (25.241-b07) for windows-amd64 JRE (1.8.0_241-b07), built on Dec 11 2019 10:21:40 by "rejava" with MS VC++ 10.0 (VS2010)

time: Sat Apr 11 16:12:40 2020
timezone: E. South America Standard Time
elapsed time: 13 seconds (0d 0h 0m 13s)

