#
# There is insufficient memory for the Java Runtime Environment to continue.
# Native memory allocation (malloc) failed to allocate 1782576 bytes for Chunk::new
# Possible reasons:
#   The system is out of physical RAM or swap space
#   The process is running with CompressedOops enabled, and the Java Heap may be blocking the growth of the native heap
# Possible solutions:
#   Reduce memory load on the system
#   Increase physical memory or swap space
#   Check if swap backing store is full
#   Decrease Java heap size (-Xmx/-Xms)
#   Decrease number of Java threads
#   Decrease Java thread stack sizes (-Xss)
#   Set larger code cache with -XX:ReservedCodeCacheSize=
#   JVM is running with Unscaled Compressed Oops mode in which the Java heap is
#     placed in the first 4GB address space. The Java Heap base address is the
#     maximum limit for the native heap growth. Please use -XX:HeapBaseMinAddress
#     to set the Java Heap base and to place the Java Heap above 4GB virtual address.
# This output file may be truncated or incomplete.
#
#  Out of Memory Error (allocation.cpp:389), pid=16200, tid=0x0000000000003214
#
# JRE version: Java(TM) SE Runtime Environment (8.0_241-b07) (build 1.8.0_241-b07)
# Java VM: Java HotSpot(TM) 64-Bit Server VM (25.241-b07 mixed mode windows-amd64 compressed oops)
# Failed to write core dump. Minidumps are not enabled by default on client versions of Windows
#

---------------  T H R E A D  ---------------

Current thread (0x0000000013d63800):  JavaThread "C2 CompilerThread1" daemon [_thread_in_native, id=12820, stack(0x00000000154b0000,0x00000000155b0000)]

Stack: [0x00000000154b0000,0x00000000155b0000]
[error occurred during error reporting (printing stack bounds), id 0xc0000005]

Native frames: (J=compiled Java code, j=interpreted, Vv=VM code, C=native code)


Current CompileTask:
C2:  48137 11548   !   4       java.io.ObjectOutputStream::writeObject0 (619 bytes)


---------------  P R O C E S S  ---------------

Java Threads: ( => current thread )
  0x000000001b401000 JavaThread "stdout" [_thread_in_native, id=12328, stack(0x0000000023200000,0x0000000023300000)]
  0x000000001b3f9000 JavaThread "stderr" [_thread_in_native, id=14540, stack(0x0000000023100000,0x0000000023200000)]
  0x000000001b3fe000 JavaThread "stdout" [_thread_in_native, id=6248, stack(0x0000000023000000,0x0000000023100000)]
  0x000000001b3fd800 JavaThread "stderr" [_thread_in_native, id=4536, stack(0x0000000022f00000,0x0000000023000000)]
  0x000000001b3ff000 JavaThread "stdout" [_thread_in_native, id=13396, stack(0x0000000022e00000,0x0000000022f00000)]
  0x000000001b3ff800 JavaThread "stderr" [_thread_in_native, id=916, stack(0x0000000022950000,0x0000000022a50000)]
  0x000000001b3f6000 JavaThread "stdout" [_thread_in_native, id=2496, stack(0x0000000022b90000,0x0000000022c90000)]
  0x000000001b3fc000 JavaThread "stderr" [_thread_in_native, id=14620, stack(0x0000000022a90000,0x0000000022b90000)]
  0x000000001b3f7800 JavaThread "pool-2-thread-1" [_thread_blocked, id=12952, stack(0x0000000022850000,0x0000000022950000)]
  0x000000001b3fc800 JavaThread "WorkerExecutor Queue Thread 4" [_thread_blocked, id=12804, stack(0x0000000022750000,0x0000000022850000)]
  0x000000001b3f5000 JavaThread "WorkerExecutor Queue Thread 3" [_thread_blocked, id=7356, stack(0x0000000022650000,0x0000000022750000)]
  0x000000001b3fa800 JavaThread "WorkerExecutor Queue Thread 2" [_thread_blocked, id=7092, stack(0x0000000022050000,0x0000000022150000)]
  0x000000001b3f4800 JavaThread "ForkJoinPool.commonPool-worker-2" daemon [_thread_blocked, id=15028, stack(0x0000000022150000,0x0000000022250000)]
  0x0000000016bb3800 JavaThread "WorkerExecutor Queue" [_thread_blocked, id=5004, stack(0x0000000021f50000,0x0000000022050000)]
  0x0000000016bb2800 JavaThread "Cache worker for execution history cache (C:\Users\aliso\VSC\GoStack\desafios\desafio-mobile\android\.gradle\6.0.1\executionHistory)" [_thread_blocked, id=13408, stack(0x0000000022250000,0x0000000022350000)]
  0x0000000016bb0800 JavaThread "Execution worker for ':' Thread 3" [_thread_blocked, id=9472, stack(0x0000000021950000,0x0000000021a50000)]
  0x0000000016bb2000 JavaThread "Execution worker for ':' Thread 2" [_thread_blocked, id=2720, stack(0x0000000021850000,0x0000000021950000)]
  0x0000000016bad800 JavaThread "Execution worker for ':'" [_thread_blocked, id=12488, stack(0x0000000021750000,0x0000000021850000)]
  0x0000000016bae000 JavaThread "Cache worker for file content cache (C:\Users\aliso\VSC\GoStack\desafios\desafio-mobile\android\.gradle\6.0.1\fileContent)" [_thread_blocked, id=10716, stack(0x0000000021450000,0x0000000021550000)]
  0x0000000016ba6000 JavaThread "Cache worker for file content cache (C:\Users\aliso\.gradle\caches\6.0.1\fileContent)" [_thread_blocked, id=16016, stack(0x00000000210f0000,0x00000000211f0000)]
  0x0000000016ba5000 JavaThread "Memory manager" [_thread_blocked, id=5212, stack(0x00000000202a0000,0x00000000203a0000)]
  0x0000000016ba4800 JavaThread "Cache worker for Build Output Cleanup Cache (C:\Users\aliso\VSC\GoStack\desafios\desafio-mobile\android\.gradle\buildOutputCleanup)" [_thread_blocked, id=10284, stack(0x000000001fda0000,0x000000001fea0000)]
  0x0000000016bab000 JavaThread "pool-1-thread-1" [_thread_blocked, id=12016, stack(0x00000000205d0000,0x00000000206d0000)]
  0x0000000016baa800 JavaThread "Build operations Thread 4" [_thread_blocked, id=15416, stack(0x000000001f8a0000,0x000000001f9a0000)]
  0x0000000016ba9000 JavaThread "Build operations Thread 3" [_thread_blocked, id=15116, stack(0x000000001f7a0000,0x000000001f8a0000)]
  0x0000000016ba7800 JavaThread "Build operations Thread 2" [_thread_blocked, id=12052, stack(0x000000001f6a0000,0x000000001f7a0000)]
  0x0000000016ba8000 JavaThread "Build operations" [_thread_blocked, id=5208, stack(0x000000001f5a0000,0x000000001f6a0000)]
  0x0000000016ba6800 JavaThread "Cache worker for execution history cache (C:\Users\aliso\.gradle\caches\6.0.1\executionHistory)" [_thread_blocked, id=8604, stack(0x000000001f0a0000,0x000000001f1a0000)]
  0x0000000016ba9800 JavaThread "Cache worker for cache directory md-rule (C:\Users\aliso\.gradle\caches\6.0.1\md-rule)" [_thread_blocked, id=8480, stack(0x000000001efa0000,0x000000001f0a0000)]
  0x0000000016180000 JavaThread "Cache worker for cache directory md-supplier (C:\Users\aliso\.gradle\caches\6.0.1\md-supplier)" [_thread_blocked, id=11548, stack(0x000000001d8c0000,0x000000001d9c0000)]
  0x000000001617e800 JavaThread "Cache worker for file hash cache (C:\Users\aliso\VSC\GoStack\desafios\desafio-mobile\android\.gradle\6.0.1\fileHashes)" [_thread_blocked, id=5912, stack(0x000000001bf20000,0x000000001c020000)]
  0x0000000016184000 JavaThread "Cache worker for journal cache (C:\Users\aliso\.gradle\caches\journal-1)" [_thread_blocked, id=10004, stack(0x00000000198d0000,0x00000000199d0000)]
  0x000000001617d000 JavaThread "File lock request listener" [_thread_in_native, id=15504, stack(0x00000000197d0000,0x00000000198d0000)]
  0x000000001617e000 JavaThread "Cache worker for file hash cache (C:\Users\aliso\.gradle\caches\6.0.1\fileHashes)" [_thread_blocked, id=10948, stack(0x00000000196d0000,0x00000000197d0000)]
  0x0000000017890800 JavaThread "Thread-9" [_thread_blocked, id=14704, stack(0x00000000195d0000,0x00000000196d0000)]
  0x000000001788a800 JavaThread "Stdin handler" [_thread_blocked, id=15344, stack(0x00000000194d0000,0x00000000195d0000)]
  0x0000000017889800 JavaThread "Asynchronous log dispatcher for DefaultDaemonConnection: socket connection from /127.0.0.1:54778 to /127.0.0.1:54779" [_thread_blocked, id=10236, stack(0x00000000193d0000,0x00000000194d0000)]
  0x0000000017884800 JavaThread "Daemon worker" [_thread_blocked, id=5180, stack(0x00000000190d0000,0x00000000191d0000)]
  0x0000000017881800 JavaThread "Cancel handler" [_thread_blocked, id=7136, stack(0x0000000018fd0000,0x00000000190d0000)]
  0x000000001786c000 JavaThread "Handler for socket connection from /127.0.0.1:54778 to /127.0.0.1:54779" [_thread_in_native, id=14368, stack(0x0000000018ed0000,0x0000000018fd0000)]
  0x000000001786a000 JavaThread "Daemon" [_thread_blocked, id=12360, stack(0x0000000018dd0000,0x0000000018ed0000)]
  0x0000000017808800 JavaThread "Daemon periodic checks" [_thread_blocked, id=15768, stack(0x0000000018cd0000,0x0000000018dd0000)]
  0x0000000017806800 JavaThread "Incoming local TCP Connector on port 54778" [_thread_in_native, id=2664, stack(0x0000000018a90000,0x0000000018b90000)]
  0x00000000177bc800 JavaThread "Daemon health stats" [_thread_blocked, id=1804, stack(0x0000000018450000,0x0000000018550000)]
  0x0000000013dac000 JavaThread "Service Thread" daemon [_thread_blocked, id=12636, stack(0x0000000015ab0000,0x0000000015bb0000)]
  0x0000000013d67800 JavaThread "C1 CompilerThread2" daemon [_thread_blocked, id=8520, stack(0x00000000155b0000,0x00000000156b0000)]
=>0x0000000013d63800 JavaThread "C2 CompilerThread1" daemon [_thread_in_native, id=12820, stack(0x00000000154b0000,0x00000000155b0000)]
  0x0000000013d5f800 JavaThread "C2 CompilerThread0" daemon [_thread_blocked, id=9204, stack(0x00000000153b0000,0x00000000154b0000)]
  0x0000000013d5e800 JavaThread "Attach Listener" daemon [_thread_blocked, id=15320, stack(0x00000000152b0000,0x00000000153b0000)]
  0x0000000013d5c000 JavaThread "Signal Dispatcher" daemon [_thread_blocked, id=3024, stack(0x00000000151b0000,0x00000000152b0000)]
  0x0000000002928800 JavaThread "Finalizer" daemon [_thread_blocked, id=3184, stack(0x0000000014fb0000,0x00000000150b0000)]
  0x0000000013d3a000 JavaThread "Reference Handler" daemon [_thread_blocked, id=14152, stack(0x0000000014eb0000,0x0000000014fb0000)]
  0x0000000002834800 JavaThread "main" [_thread_blocked, id=8680, stack(0x0000000002730000,0x0000000002830000)]

Other Threads:
  0x0000000013d18000 VMThread [stack: 0x0000000014db0000,0x0000000014eb0000] [id=1964]
  0x00000000156f2000 WatcherThread [stack: 0x0000000015bb0000,0x0000000015cb0000] [id=14156]

VM state:not at safepoint (normal execution)

VM Mutex/Monitor currently owned by a thread: None

heap address: 0x00000000e0000000, size: 512 MB, Compressed Oops mode: 32-bit
Narrow klass base: 0x0000000000000000, Narrow klass shift: 3
Compressed class space size: 1073741824 Address: 0x0000000100000000

Heap:
 PSYoungGen      total 141824K, used 97672K [0x00000000f5580000, 0x00000000fff00000, 0x0000000100000000)
  eden space 109056K, 79% used [0x00000000f5580000,0x00000000fa9bafa8,0x00000000fc000000)
  from space 32768K, 34% used [0x00000000fc000000,0x00000000fcb273a8,0x00000000fe000000)
  to   space 31744K, 0% used [0x00000000fe000000,0x00000000fe000000,0x00000000fff00000)
 ParOldGen       total 185856K, used 124122K [0x00000000e0000000, 0x00000000eb580000, 0x00000000f5580000)
  object space 185856K, 66% used [0x00000000e0000000,0x00000000e7936a10,0x00000000eb580000)
 Metaspace       used 72195K, capacity 75122K, committed 75224K, reserved 1114112K
  class space    used 9742K, capacity 10412K, committed 10456K, reserved 1048576K

Card table byte_map: [0x0000000011cf0000,0x0000000011e00000] byte_map_base: 0x00000000115f0000

Marking Bits: (ParMarkBitMap*) 0x000000005328be30
 Begin Bits: [0x00000000122b0000, 0x0000000012ab0000)
 End Bits:   [0x0000000012ab0000, 0x00000000132b0000)

Polling page: 0x0000000000950000

CodeCache: size=245760Kb used=33851Kb max_used=33854Kb free=211908Kb
 bounds [0x0000000002930000, 0x0000000004a70000, 0x0000000011930000]
 total_blobs=10709 nmethods=9872 adapters=747
 compilation: enabled

Compilation events (10 events):
Event: 47.805 Thread 0x0000000013d5f800 11551       4       java.io.ObjectInputStream$BlockDataInputStream::readUnsignedShort (76 bytes)
Event: 47.807 Thread 0x0000000013d5f800 nmethod 11551 0x0000000004a604d0 code [0x0000000004a60620, 0x0000000004a60788]
Event: 47.822 Thread 0x0000000013d67800 11556       3       com.android.builder.internal.aapt.v2.AaptV2CommandBuilder$makeLinkCommand$$inlined$sortedBy$1::compare (60 bytes)
Event: 47.822 Thread 0x0000000013d67800 nmethod 11556 0x0000000004a61590 code [0x0000000004a61740, 0x0000000004a61e88]
Event: 47.822 Thread 0x0000000013d67800 11557       3       kotlin.comparisons.ComparisonsKt__ComparisonsKt::compareValues (27 bytes)
Event: 47.822 Thread 0x0000000013d67800 nmethod 11557 0x0000000004a61050 code [0x0000000004a611c0, 0x0000000004a614a8]
Event: 47.823 Thread 0x0000000013d67800 11558       3       com.google.common.collect.ImmutableList$Builder::add (14 bytes)
Event: 47.823 Thread 0x0000000013d67800 nmethod 11558 0x0000000004a65b90 code [0x0000000004a65d40, 0x0000000004a66288]
Event: 47.831 Thread 0x0000000013d67800 11559       3       com.google.common.collect.Lists::newArrayList (8 bytes)
Event: 47.831 Thread 0x0000000013d67800 nmethod 11559 0x0000000004a60a50 code [0x0000000004a60bc0, 0x0000000004a60ed0]

GC Heap History (10 events):
Event: 28.364 GC heap before
{Heap before GC invocations=16 (full 3):
 PSYoungGen      total 139776K, used 138116K [0x00000000f5580000, 0x0000000100000000, 0x0000000100000000)
  eden space 119296K, 99% used [0x00000000f5580000,0x00000000fc9524a0,0x00000000fca00000)
  from space 20480K, 95% used [0x00000000fec00000,0x00000000fff0ee30,0x0000000100000000)
  to   space 27648K, 0% used [0x00000000fca00000,0x00000000fca00000,0x00000000fe500000)
 ParOldGen       total 185856K, used 75184K [0x00000000e0000000, 0x00000000eb580000, 0x00000000f5580000)
  object space 185856K, 40% used [0x00000000e0000000,0x00000000e496c1a8,0x00000000eb580000)
 Metaspace       used 66925K, capacity 69410K, committed 69720K, reserved 1110016K
  class space    used 9156K, capacity 9734K, committed 9816K, reserved 1048576K
Event: 28.422 GC heap after
Heap after GC invocations=16 (full 3):
 PSYoungGen      total 145920K, used 26343K [0x00000000f5580000, 0x0000000100000000, 0x0000000100000000)
  eden space 119296K, 0% used [0x00000000f5580000,0x00000000f5580000,0x00000000fca00000)
  from space 26624K, 98% used [0x00000000fca00000,0x00000000fe3b9e80,0x00000000fe400000)
  to   space 28672K, 0% used [0x00000000fe400000,0x00000000fe400000,0x0000000100000000)
 ParOldGen       total 185856K, used 86097K [0x00000000e0000000, 0x00000000eb580000, 0x00000000f5580000)
  object space 185856K, 46% used [0x00000000e0000000,0x00000000e54144d8,0x00000000eb580000)
 Metaspace       used 66925K, capacity 69410K, committed 69720K, reserved 1110016K
  class space    used 9156K, capacity 9734K, committed 9816K, reserved 1048576K
}
Event: 28.809 GC heap before
{Heap before GC invocations=17 (full 3):
 PSYoungGen      total 145920K, used 141799K [0x00000000f5580000, 0x0000000100000000, 0x0000000100000000)
  eden space 119296K, 96% used [0x00000000f5580000,0x00000000fc6400a0,0x00000000fca00000)
  from space 26624K, 98% used [0x00000000fca00000,0x00000000fe3b9e80,0x00000000fe400000)
  to   space 28672K, 0% used [0x00000000fe400000,0x00000000fe400000,0x0000000100000000)
 ParOldGen       total 185856K, used 86097K [0x00000000e0000000, 0x00000000eb580000, 0x00000000f5580000)
  object space 185856K, 46% used [0x00000000e0000000,0x00000000e54144d8,0x00000000eb580000)
 Metaspace       used 66957K, capacity 69410K, committed 69720K, reserved 1110016K
  class space    used 9156K, capacity 9734K, committed 9816K, reserved 1048576K
Event: 28.853 GC heap after
Heap after GC invocations=17 (full 3):
 PSYoungGen      total 136704K, used 27238K [0x00000000f5580000, 0x0000000100000000, 0x0000000100000000)
  eden space 108032K, 0% used [0x00000000f5580000,0x00000000f5580000,0x00000000fbf00000)
  from space 28672K, 95% used [0x00000000fe400000,0x00000000ffe99b50,0x0000000100000000)
  to   space 33280K, 0% used [0x00000000fbf00000,0x00000000fbf00000,0x00000000fdf80000)
 ParOldGen       total 185856K, used 95985K [0x00000000e0000000, 0x00000000eb580000, 0x00000000f5580000)
  object space 185856K, 51% used [0x00000000e0000000,0x00000000e5dbc510,0x00000000eb580000)
 Metaspace       used 66957K, capacity 69410K, committed 69720K, reserved 1110016K
  class space    used 9156K, capacity 9734K, committed 9816K, reserved 1048576K
}
Event: 33.508 GC heap before
{Heap before GC invocations=18 (full 3):
 PSYoungGen      total 136704K, used 135270K [0x00000000f5580000, 0x0000000100000000, 0x0000000100000000)
  eden space 108032K, 100% used [0x00000000f5580000,0x00000000fbf00000,0x00000000fbf00000)
  from space 28672K, 95% used [0x00000000fe400000,0x00000000ffe99b50,0x0000000100000000)
  to   space 33280K, 0% used [0x00000000fbf00000,0x00000000fbf00000,0x00000000fdf80000)
 ParOldGen       total 185856K, used 95993K [0x00000000e0000000, 0x00000000eb580000, 0x00000000f5580000)
  object space 185856K, 51% used [0x00000000e0000000,0x00000000e5dbe520,0x00000000eb580000)
 Metaspace       used 68704K, capacity 71330K, committed 71512K, reserved 1110016K
  class space    used 9383K, capacity 9992K, committed 10072K, reserved 1048576K
Event: 33.533 GC heap after
Heap after GC invocations=18 (full 3):
 PSYoungGen      total 141312K, used 16318K [0x00000000f5580000, 0x0000000100000000, 0x0000000100000000)
  eden space 108032K, 0% used [0x00000000f5580000,0x00000000f5580000,0x00000000fbf00000)
  from space 33280K, 49% used [0x00000000fbf00000,0x00000000fceefbb8,0x00000000fdf80000)
  to   space 31744K, 0% used [0x00000000fe100000,0x00000000fe100000,0x0000000100000000)
 ParOldGen       total 185856K, used 106722K [0x00000000e0000000, 0x00000000eb580000, 0x00000000f5580000)
  object space 185856K, 57% used [0x00000000e0000000,0x00000000e6838b70,0x00000000eb580000)
 Metaspace       used 68704K, capacity 71330K, committed 71512K, reserved 1110016K
  class space    used 9383K, capacity 9992K, committed 10072K, reserved 1048576K
}
Event: 34.544 GC heap before
{Heap before GC invocations=19 (full 3):
 PSYoungGen      total 141312K, used 124350K [0x00000000f5580000, 0x0000000100000000, 0x0000000100000000)
  eden space 108032K, 100% used [0x00000000f5580000,0x00000000fbf00000,0x00000000fbf00000)
  from space 33280K, 49% used [0x00000000fbf00000,0x00000000fceefbb8,0x00000000fdf80000)
  to   space 31744K, 0% used [0x00000000fe100000,0x00000000fe100000,0x0000000100000000)
 ParOldGen       total 185856K, used 106726K [0x00000000e0000000, 0x00000000eb580000, 0x00000000f5580000)
  object space 185856K, 57% used [0x00000000e0000000,0x00000000e6839ad0,0x00000000eb580000)
 Metaspace       used 68716K, capacity 71330K, committed 71512K, reserved 1110016K
  class space    used 9384K, capacity 9992K, committed 10072K, reserved 1048576K
Event: 34.566 GC heap after
Heap after GC invocations=19 (full 3):
 PSYoungGen      total 140800K, used 2693K [0x00000000f5580000, 0x0000000100000000, 0x0000000100000000)
  eden space 109056K, 0% used [0x00000000f5580000,0x00000000f5580000,0x00000000fc000000)
  from space 31744K, 8% used [0x00000000fe100000,0x00000000fe3a1488,0x0000000100000000)
  to   space 32768K, 0% used [0x00000000fc000000,0x00000000fc000000,0x00000000fe000000)
 ParOldGen       total 185856K, used 121915K [0x00000000e0000000, 0x00000000eb580000, 0x00000000f5580000)
  object space 185856K, 65% used [0x00000000e0000000,0x00000000e770ee68,0x00000000eb580000)
 Metaspace       used 68716K, capacity 71330K, committed 71512K, reserved 1110016K
  class space    used 9384K, capacity 9992K, committed 10072K, reserved 1048576K
}
Event: 39.639 GC heap before
{Heap before GC invocations=20 (full 3):
 PSYoungGen      total 140800K, used 111749K [0x00000000f5580000, 0x0000000100000000, 0x0000000100000000)
  eden space 109056K, 100% used [0x00000000f5580000,0x00000000fc000000,0x00000000fc000000)
  from space 31744K, 8% used [0x00000000fe100000,0x00000000fe3a1488,0x0000000100000000)
  to   space 32768K, 0% used [0x00000000fc000000,0x00000000fc000000,0x00000000fe000000)
 ParOldGen       total 185856K, used 121915K [0x00000000e0000000, 0x00000000eb580000, 0x00000000f5580000)
  object space 185856K, 65% used [0x00000000e0000000,0x00000000e770ee68,0x00000000eb580000)
 Metaspace       used 70536K, capacity 73320K, committed 73432K, reserved 1112064K
  class space    used 9580K, capacity 10169K, committed 10200K, reserved 1048576K
Event: 39.656 GC heap after
Heap after GC invocations=20 (full 3):
 PSYoungGen      total 141824K, used 11420K [0x00000000f5580000, 0x00000000fff00000, 0x0000000100000000)
  eden space 109056K, 0% used [0x00000000f5580000,0x00000000f5580000,0x00000000fc000000)
  from space 32768K, 34% used [0x00000000fc000000,0x00000000fcb273a8,0x00000000fe000000)
  to   space 31744K, 0% used [0x00000000fe000000,0x00000000fe000000,0x00000000fff00000)
 ParOldGen       total 185856K, used 124122K [0x00000000e0000000, 0x00000000eb580000, 0x00000000f5580000)
  object space 185856K, 66% used [0x00000000e0000000,0x00000000e7936a10,0x00000000eb580000)
 Metaspace       used 70536K, capacity 73320K, committed 73432K, reserved 1112064K
  class space    used 9580K, capacity 10169K, committed 10200K, reserved 1048576K
}

Deoptimization events (10 events):
Event: 45.794 Thread 0x0000000016bad800 Uncommon trap: reason=class_check action=maybe_recompile pc=0x00000000047f4e48 method=com.google.gson.stream.JsonWriter.beforeValue()V @ 111
Event: 45.794 Thread 0x0000000016bad800 Uncommon trap: reason=class_check action=maybe_recompile pc=0x00000000047f4e48 method=com.google.gson.stream.JsonWriter.beforeValue()V @ 111
Event: 45.794 Thread 0x0000000016bad800 Uncommon trap: reason=class_check action=maybe_recompile pc=0x00000000047f4e48 method=com.google.gson.stream.JsonWriter.beforeValue()V @ 111
Event: 45.794 Thread 0x0000000016bad800 Uncommon trap: reason=class_check action=maybe_recompile pc=0x00000000047f4e48 method=com.google.gson.stream.JsonWriter.beforeValue()V @ 111
Event: 47.721 Thread 0x0000000016bb2000 Uncommon trap: reason=unstable_if action=reinterpret pc=0x0000000002be52e0 method=com.google.gson.stream.JsonReader.nextString()Ljava/lang/String; @ 6
Event: 47.763 Thread 0x000000001b3f5000 Uncommon trap: reason=unstable_if action=reinterpret pc=0x00000000048f9850 method=java.io.ObjectInputStream$BlockDataInputStream.readUTFBody(J)Ljava/lang/String; @ 3
Event: 47.833 Thread 0x000000001b3f5000 Uncommon trap: reason=class_check action=maybe_recompile pc=0x0000000002edca04 method=java.io.BufferedOutputStream.write([BII)V @ 20
Event: 47.833 Thread 0x000000001b3f5000 Uncommon trap: reason=class_check action=maybe_recompile pc=0x0000000002edca04 method=java.io.BufferedOutputStream.write([BII)V @ 20
Event: 47.834 Thread 0x000000001b3f5000 Uncommon trap: reason=class_check action=maybe_recompile pc=0x0000000002edca04 method=java.io.BufferedOutputStream.write([BII)V @ 20
Event: 47.835 Thread 0x000000001b3f5000 Uncommon trap: reason=class_check action=maybe_recompile pc=0x0000000002edca04 method=java.io.BufferedOutputStream.write([BII)V @ 20

Classes redefined (0 events):
No events

Internal exceptions (10 events):
Event: 41.242 Thread 0x0000000016bb2000 Exception <a 'java/lang/NoSuchMethodError': <clinit>> (0x00000000f7296378) thrown at [C:\ade\jenkins\workspace\8-2-build-windows-amd64-cygwin\jdk8u241\331\hotspot\src\share\vm\prims\jni.cpp, line 1614]
Event: 41.245 Thread 0x0000000016bb2000 Exception <a 'java/lang/NoSuchMethodError': <clinit>> (0x00000000f72b1878) thrown at [C:\ade\jenkins\workspace\8-2-build-windows-amd64-cygwin\jdk8u241\331\hotspot\src\share\vm\prims\jni.cpp, line 1614]
Event: 41.245 Thread 0x0000000016bb2000 Exception <a 'java/lang/NoSuchMethodError': <clinit>> (0x00000000f72b6760) thrown at [C:\ade\jenkins\workspace\8-2-build-windows-amd64-cygwin\jdk8u241\331\hotspot\src\share\vm\prims\jni.cpp, line 1614]
Event: 41.251 Thread 0x0000000016bb2000 Exception <a 'java/lang/NoSuchMethodError': <clinit>> (0x00000000f72c6e98) thrown at [C:\ade\jenkins\workspace\8-2-build-windows-amd64-cygwin\jdk8u241\331\hotspot\src\share\vm\prims\jni.cpp, line 1614]
Event: 45.695 Thread 0x0000000016bad800 Implicit null exception at 0x0000000002bfce96 to 0x0000000002bfd231
Event: 47.735 Thread 0x0000000016bb2000 Exception <a 'java/lang/NoSuchMethodError': <clinit>> (0x00000000fa748740) thrown at [C:\ade\jenkins\workspace\8-2-build-windows-amd64-cygwin\jdk8u241\331\hotspot\src\share\vm\prims\jni.cpp, line 1614]
Event: 47.745 Thread 0x0000000016bb2000 Exception <a 'java/lang/NoSuchMethodError': <clinit>> (0x00000000fa762c18) thrown at [C:\ade\jenkins\workspace\8-2-build-windows-amd64-cygwin\jdk8u241\331\hotspot\src\share\vm\prims\jni.cpp, line 1614]
Event: 47.747 Thread 0x0000000016bb2000 Exception <a 'java/lang/NoSuchMethodError': <clinit>> (0x00000000fa77c4f0) thrown at [C:\ade\jenkins\workspace\8-2-build-windows-amd64-cygwin\jdk8u241\331\hotspot\src\share\vm\prims\jni.cpp, line 1614]
Event: 47.754 Thread 0x0000000016bb2000 Exception <a 'java/lang/NoSuchMethodError': <clinit>> (0x00000000fa7c6fa8) thrown at [C:\ade\jenkins\workspace\8-2-build-windows-amd64-cygwin\jdk8u241\331\hotspot\src\share\vm\prims\jni.cpp, line 1614]
Event: 47.830 Thread 0x000000001b3f5000 Exception <a 'java/lang/NoSuchMethodError': java.lang.Object.lambda$negate$1(Ljava/lang/Object;)Z> (0x00000000fa9a1ce8) thrown at [C:\ade\jenkins\workspace\8-2-build-windows-amd64-cygwin\jdk8u241\331\hotspot\src\share\vm\interpreter\linkResolver.cpp, line

Events (10 events):
Event: 47.833 Thread 0x000000001b3f5000 DEOPT UNPACKING pc=0x000000000297583b sp=0x000000002274dcd0 mode 2
Event: 47.833 Thread 0x000000001b3f5000 Uncommon trap: trap_request=0xffffffde fr.pc=0x0000000002edca04
Event: 47.834 Thread 0x000000001b3f5000 DEOPT PACKING pc=0x0000000002edca04 sp=0x000000002274dd40
Event: 47.834 Thread 0x000000001b3f5000 DEOPT UNPACKING pc=0x000000000297583b sp=0x000000002274dcd0 mode 2
Event: 47.834 Thread 0x000000001b3f5000 Uncommon trap: trap_request=0xffffffde fr.pc=0x0000000002edca04
Event: 47.834 Thread 0x000000001b3f5000 DEOPT PACKING pc=0x0000000002edca04 sp=0x000000002274dd40
Event: 47.834 Thread 0x000000001b3f5000 DEOPT UNPACKING pc=0x000000000297583b sp=0x000000002274dcd0 mode 2
Event: 47.835 Thread 0x000000001b3f5000 Uncommon trap: trap_request=0xffffffde fr.pc=0x0000000002edca04
Event: 47.835 Thread 0x000000001b3f5000 DEOPT PACKING pc=0x0000000002edca04 sp=0x000000002274dd40
Event: 47.835 Thread 0x000000001b3f5000 DEOPT UNPACKING pc=0x000000000297583b sp=0x000000002274dcd0 mode 2


Dynamic libraries:
0x00007ff6f0080000 - 0x00007ff6f00b7000 	C:\Program Files\Java\jdk1.8.0_241\bin\java.exe
0x00007fffb8120000 - 0x00007fffb8310000 	C:\WINDOWS\SYSTEM32\ntdll.dll
0x00007fffb6230000 - 0x00007fffb62e2000 	C:\WINDOWS\System32\KERNEL32.DLL
0x00007fffb5b20000 - 0x00007fffb5dc3000 	C:\WINDOWS\System32\KERNELBASE.dll
0x00007fffb6750000 - 0x00007fffb67f3000 	C:\WINDOWS\System32\ADVAPI32.dll
0x00007fffb7e10000 - 0x00007fffb7eae000 	C:\WINDOWS\System32\msvcrt.dll
0x00007fffb7380000 - 0x00007fffb7417000 	C:\WINDOWS\System32\sechost.dll
0x00007fffb74c0000 - 0x00007fffb75e0000 	C:\WINDOWS\System32\RPCRT4.dll
0x00007fffb6ce0000 - 0x00007fffb6e74000 	C:\WINDOWS\System32\USER32.dll
0x00007fffb5dd0000 - 0x00007fffb5df1000 	C:\WINDOWS\System32\win32u.dll
0x00007fffb7350000 - 0x00007fffb7376000 	C:\WINDOWS\System32\GDI32.dll
0x00007fffb50e0000 - 0x00007fffb5274000 	C:\WINDOWS\System32\gdi32full.dll
0x00007fffb6130000 - 0x00007fffb61ce000 	C:\WINDOWS\System32\msvcp_win.dll
0x00007fffb5280000 - 0x00007fffb537a000 	C:\WINDOWS\System32\ucrtbase.dll
0x00007fffa4bf0000 - 0x00007fffa4e75000 	C:\WINDOWS\WinSxS\amd64_microsoft.windows.common-controls_6595b64144ccf1df_6.0.18362.752_none_e6c0b5ed1312b70c\COMCTL32.dll
0x00007fffb6400000 - 0x00007fffb6736000 	C:\WINDOWS\System32\combase.dll
0x00007fffb5e00000 - 0x00007fffb5e80000 	C:\WINDOWS\System32\bcryptPrimitives.dll
0x00007fffb7080000 - 0x00007fffb70ae000 	C:\WINDOWS\System32\IMM32.DLL
0x00000000569a0000 - 0x0000000056a72000 	C:\Program Files\Java\jdk1.8.0_241\jre\bin\msvcr100.dll
0x0000000052a60000 - 0x000000005330c000 	C:\Program Files\Java\jdk1.8.0_241\jre\bin\server\jvm.dll
0x00007fffb7d80000 - 0x00007fffb7d88000 	C:\WINDOWS\System32\PSAPI.DLL
0x00007fffb2390000 - 0x00007fffb23b4000 	C:\WINDOWS\SYSTEM32\WINMM.dll
0x00007fffafa30000 - 0x00007fffafa3a000 	C:\WINDOWS\SYSTEM32\VERSION.dll
0x00007fffb2150000 - 0x00007fffb217d000 	C:\WINDOWS\SYSTEM32\winmmbase.dll
0x00007fffb60e0000 - 0x00007fffb612a000 	C:\WINDOWS\System32\cfgmgr32.dll
0x00007fffa4530000 - 0x00007fffa4539000 	C:\WINDOWS\SYSTEM32\WSOCK32.dll
0x00007fffb7450000 - 0x00007fffb74bf000 	C:\WINDOWS\System32\WS2_32.dll
0x00007fffb1140000 - 0x00007fffb114f000 	C:\Program Files\Java\jdk1.8.0_241\jre\bin\verify.dll
0x00007fff99770000 - 0x00007fff99799000 	C:\Program Files\Java\jdk1.8.0_241\jre\bin\java.dll
0x00007fffaddc0000 - 0x00007fffaddd6000 	C:\Program Files\Java\jdk1.8.0_241\jre\bin\zip.dll
0x00007fffb75e0000 - 0x00007fffb7cc5000 	C:\WINDOWS\System32\SHELL32.dll
0x00007fffb6350000 - 0x00007fffb63f9000 	C:\WINDOWS\System32\shcore.dll
0x00007fffb53a0000 - 0x00007fffb5b20000 	C:\WINDOWS\System32\windows.storage.dll
0x00007fffb5030000 - 0x00007fffb5053000 	C:\WINDOWS\System32\profapi.dll
0x00007fffb5060000 - 0x00007fffb50aa000 	C:\WINDOWS\System32\powrprof.dll
0x00007fffb4fe0000 - 0x00007fffb4ff0000 	C:\WINDOWS\System32\UMPDC.dll
0x00007fffb6e80000 - 0x00007fffb6ed2000 	C:\WINDOWS\System32\shlwapi.dll
0x00007fffb4ff0000 - 0x00007fffb5001000 	C:\WINDOWS\System32\kernel.appcore.dll
0x00007fffb5380000 - 0x00007fffb5397000 	C:\WINDOWS\System32\cryptsp.dll
0x00007fffa5db0000 - 0x00007fffa5dca000 	C:\Program Files\Java\jdk1.8.0_241\jre\bin\net.dll
0x00007fffb4850000 - 0x00007fffb48b7000 	C:\WINDOWS\system32\mswsock.dll
0x00007fffa5340000 - 0x00007fffa5352000 	C:\Program Files\Java\jdk1.8.0_241\jre\bin\nio.dll
0x00007fff9b760000 - 0x00007fff9b786000 	C:\Users\aliso\.gradle\native\30\windows-amd64\native-platform.dll
0x00007fffafc40000 - 0x00007fffafc4d000 	C:\Program Files\Java\jdk1.8.0_241\jre\bin\management.dll
0x00007fffb43c0000 - 0x00007fffb43f3000 	C:\WINDOWS\system32\rsaenh.dll
0x00007fffb50b0000 - 0x00007fffb50d6000 	C:\WINDOWS\System32\bcrypt.dll
0x00007fffb4f00000 - 0x00007fffb4f25000 	C:\WINDOWS\SYSTEM32\USERENV.dll
0x00007fffb4a20000 - 0x00007fffb4a2c000 	C:\WINDOWS\SYSTEM32\CRYPTBASE.dll
0x00007fffb4560000 - 0x00007fffb459a000 	C:\WINDOWS\SYSTEM32\IPHLPAPI.DLL
0x00007fffb6740000 - 0x00007fffb6748000 	C:\WINDOWS\System32\NSI.dll
0x00007fffaea00000 - 0x00007fffaea16000 	C:\WINDOWS\SYSTEM32\dhcpcsvc6.DLL
0x00007fffae9c0000 - 0x00007fffae9dc000 	C:\WINDOWS\SYSTEM32\dhcpcsvc.DLL
0x00007fffb45a0000 - 0x00007fffb466a000 	C:\WINDOWS\SYSTEM32\DNSAPI.dll

VM Arguments:
jvm_args: -XX:MaxMetaspaceSize=256m -XX:+HeapDumpOnOutOfMemoryError -Xms256m -Xmx512m -Dfile.encoding=windows-1252 -Duser.country=US -Duser.language=en -Duser.variant 
java_command: org.gradle.launcher.daemon.bootstrap.GradleDaemon 6.0.1
java_class_path (initial): C:\Users\aliso\.gradle\wrapper\dists\gradle-6.0.1-all\99d3u8wxs16ndehh90lbbir67\gradle-6.0.1\lib\gradle-launcher-6.0.1.jar
Launcher Type: SUN_STANDARD

Environment Variables:
JAVA_HOME=C:\Program Files\Java\jdk1.8.0_241
CLASSPATH=C:\Users\aliso\VSC\GoStack\desafios\desafio-mobile\android\\gradle\wrapper\gradle-wrapper.jar
USERNAME=aliso
OS=Windows_NT
PROCESSOR_IDENTIFIER=Intel64 Family 6 Model 142 Stepping 9, GenuineIntel



---------------  S Y S T E M  ---------------

OS: Windows 10.0 , 64 bit Build 18362 (10.0.18362.752)

CPU:total 4 (initial active 4) (2 cores per cpu, 2 threads per core) family 6 model 142 stepping 9, cmov, cx8, fxsr, mmx, sse, sse2, sse3, ssse3, sse4.1, sse4.2, popcnt, avx, avx2, aes, clmul, erms, 3dnowpref, lzcnt, ht, tsc, tscinvbit, bmi1, bmi2, adx

Memory: 4k page, physical 8272644k(627336k free), swap 10223364k(3160k free)

vm_info: Java HotSpot(TM) 64-Bit Server VM (25.241-b07) for windows-amd64 JRE (1.8.0_241-b07), built on Dec 11 2019 10:21:40 by "rejava" with MS VC++ 10.0 (VS2010)

time: Sat Apr 11 15:57:26 2020
timezone: E. South America Standard Time
elapsed time: 48 seconds (0d 0h 0m 48s)

